<?xml version="1.0" encoding="UTF-8"?>
<testsuite name="com.adventure.MT7" tests="3" skipped="0" failures="0" errors="0" timestamp="2024-02-25T17:01:58" hostname="DESKTOP-5EDIJHO" time="0.176">
  <properties/>
  <testcase name="testReadFile2()" classname="com.adventure.MT7" time="0.106"/>
  <testcase name="testReadFile()" classname="com.adventure.MT7" time="0.01"/>
  <testcase name="testCombatSimulator()" classname="com.adventure.MT7" time="0.053"/>
  <system-out><![CDATA[]]></system-out>
  <system-err><![CDATA[]]></system-err>
</testsuite>
