<?xml version="1.0" encoding="UTF-8"?>
<testsuite name="com.adventure.MT5" tests="2" skipped="0" failures="0" errors="0" timestamp="2024-02-25T14:51:33" hostname="DESKTOP-5EDIJHO" time="0.084">
  <properties/>
  <testcase name="testScene()" classname="com.adventure.MT5" time="0.081"/>
  <testcase name="testHole()" classname="com.adventure.MT5" time="0.002"/>
  <system-out><![CDATA[Door is now open
]]></system-out>
  <system-err><![CDATA[]]></system-err>
</testsuite>
