<?xml version="1.0" encoding="UTF-8"?>
<testsuite name="com.adventure.MT2" tests="2" skipped="0" failures="0" errors="0" timestamp="2024-02-24T17:54:18" hostname="DESKTOP-5EDIJHO" time="0.089">
  <properties/>
  <testcase name="canOpenDoor()" classname="com.adventure.MT2" time="0.066"/>
  <testcase name="setName()" classname="com.adventure.MT2" time="0.022"/>
  <system-out><![CDATA[]]></system-out>
  <system-err><![CDATA[]]></system-err>
</testsuite>
