<?xml version="1.0" encoding="UTF-8"?>
<testsuite name="com.adventure.MT1" tests="1" skipped="0" failures="0" errors="0" timestamp="2024-02-24T14:35:27" hostname="DESKTOP-5EDIJHO" time="0.048">
  <properties/>
  <testcase name="smokeTest()" classname="com.adventure.MT1" time="0.048"/>
  <system-out><![CDATA[]]></system-out>
  <system-err><![CDATA[]]></system-err>
</testsuite>
